2011-12-12 15:17:56,676 [ WARN] Try login : nickname=SATALIN password123 at by.satalin.library.servises.UserService.login(UserService.java:34)
2011-12-12 15:17:56,680 [ WARN] findByCriteria at by.satalin.library.dao.impl.GenericDao.findByCriteria(GenericDao.java:102)
2011-12-12 15:17:56,716 [DEBUG] Logging Provider: org.jboss.logging.Log4jLoggerProvider at org.hibernate.cfg.Configuration.<clinit>(Configuration.java:173)
2011-12-12 15:18:07,138 [ WARN] Create configuration :by.satalin.config.Configuration@9a44d6 at by.satalin.config.Configuration.<init>(Configuration.java:26)
2011-12-12 15:18:07,138 [ WARN] Create configuration hashcode:10110166 at by.satalin.config.Configuration.<init>(Configuration.java:27)
2011-12-12 15:18:07,144 [ INFO] start core... at by.satalin.library.main.LauncherCore.launchForResponse(LauncherCore.java:54)
2011-12-12 15:18:07,144 [ INFO] Command LIST at by.satalin.library.main.LauncherCore.launchForResponse(LauncherCore.java:55)
2011-12-12 15:18:07,155 [ INFO] Executer is ListLibraryExecuter at by.satalin.library.main.LauncherCore.launchForResponse(LauncherCore.java:61)
2011-12-12 15:18:07,160 [ WARN] Create ImplementatorManager :by.satalin.library.implementatormanager.ImplementatorManager@c62c07 at by.satalin.library.implementatormanager.ImplementatorManager.<init>(ImplementatorManager.java:45)
2011-12-12 15:18:07,160 [ WARN] Create ImplementatorManager hashcode:12987399 at by.satalin.library.implementatormanager.ImplementatorManager.<init>(ImplementatorManager.java:46)
2011-12-12 15:18:07,160 [ INFO] Get repository from pathD:/SATALIN/temp/index// at by.satalin.library.library.implementation.LibraryFileImplementator.getRepositoryDirs(LibraryFileImplementator.java:71)
2011-12-12 15:18:07,160 [ INFO] find library in D:/SATALIN/temp/index//CVS_1 at by.satalin.library.library.implementation.LibraryFileImplementator.getFiles(LibraryFileImplementator.java:52)
2011-12-12 15:18:07,161 [ INFO] Get book from library:Book [id=1003, author=Oreilly, title=ThinkingInJava, date=Mon Dec 12 00:00:00 EAT 2011, abonentId=58] at by.satalin.library.library.implementation.LibraryCsvFileImplementator.getContents(LibraryCsvFileImplementator.java:185)
2011-12-12 15:18:07,162 [ INFO] Get book from library:Book [id=1002, author=Bulgakov, title=SobachjeSerdce, date=Mon Dec 12 00:00:00 EAT 2011, abonentId=1] at by.satalin.library.library.implementation.LibraryCsvFileImplementator.getContents(LibraryCsvFileImplementator.java:185)
2011-12-12 15:18:07,162 [ INFO] Get book from library:Book [id=1005, author=Asimov, title=Foundation, date=null, abonentId=null] at by.satalin.library.library.implementation.LibraryCsvFileImplementator.getContents(LibraryCsvFileImplementator.java:185)
2011-12-12 15:18:07,162 [ INFO] Get book from library:Book [id=1001, author=Bulgakov, title=Margaritha, date=null, abonentId=null] at by.satalin.library.library.implementation.LibraryCsvFileImplementator.getContents(LibraryCsvFileImplementator.java:185)
2011-12-12 15:18:07,163 [ INFO] Update list of libraries; size =1 at by.satalin.library.implementatormanager.ImplementatorManager.reread(ImplementatorManager.java:84)
2011-12-12 15:18:07,163 [ INFO] Get repository from pathD:/SATALIN/temp/index// at by.satalin.library.library.implementation.LibraryFileImplementator.getRepositoryDirs(LibraryFileImplementator.java:71)
2011-12-12 15:18:07,164 [ INFO] find library in D:/SATALIN/temp/index//TXT_1 at by.satalin.library.library.implementation.LibraryFileImplementator.getFiles(LibraryFileImplementator.java:52)
2011-12-12 15:18:07,164 [ INFO] Get book from library:TXT_1 at by.satalin.library.library.implementation.LibraryTxtFileImplementator.getContents(LibraryTxtFileImplementator.java:132)
2011-12-12 15:18:07,165 [ INFO] ===book filename=Book [id=1000, author=Asimov, title=Foundation, date=Fri Dec 02 00:00:00 EAT 2011, abonentId=1] at by.satalin.library.library.implementation.LibraryTxtFileImplementator.getContents(LibraryTxtFileImplementator.java:181)
2011-12-12 15:18:07,165 [ INFO] Update list of libraries; size =2 at by.satalin.library.implementatormanager.ImplementatorManager.reread(ImplementatorManager.java:84)
2011-12-12 15:18:07,532 [ INFO] Update list of libraries; size =21 at by.satalin.library.implementatormanager.ImplementatorManager.reread(ImplementatorManager.java:84)
2011-12-12 15:18:07,533 [ INFO] stop core... at by.satalin.library.main.LauncherCore.launchForResponse(LauncherCore.java:68)
2011-12-12 15:18:09,470 [ INFO] start core... at by.satalin.library.main.LauncherCore.launchForResponse(LauncherCore.java:54)
2011-12-12 15:18:09,470 [ INFO] Command LISTUSER at by.satalin.library.main.LauncherCore.launchForResponse(LauncherCore.java:55)
2011-12-12 15:18:09,470 [ INFO] Executer is ListUserExecuter at by.satalin.library.main.LauncherCore.launchForResponse(LauncherCore.java:61)
2011-12-12 15:18:09,475 [ INFO] stop core... at by.satalin.library.main.LauncherCore.launchForResponse(LauncherCore.java:68)
